  weapon.cpp
  tutorial.cpp
  titleTexture.cpp
  title.cpp
  texture.cpp
  switch.cpp
  sound.cpp
  score.cpp
  result.cpp
  renderer.cpp
  remain.cpp
  ranking.cpp
  playerModel.cpp
  pause.cpp
  particle.cpp
  objectX.cpp
  object2D.cpp
  object.cpp
  number.cpp
  motion.cpp
  modelHierarchy.cpp
  model.cpp
  manager.cpp
  light.cpp
  life.cpp
  itemModel.cpp
  input.cpp
  game.cpp
  fade.cpp
  enemyModel.cpp
  effect.cpp
  edit.cpp
  debugproc.cpp
  camera.cpp
  bulletRemain.cpp
  bullet.cpp
  billboard.cpp
  スキップ中... (関連する変更は検出されませんでした)
  main.cpp
  bg.cpp
  pouyou042.vcxproj -> C:\Users\student\Documents\Visual Studio 2015\Projects\プログラム制作演習\pouyou042\Debug\pouyou042.exe
  pouyou042.vcxproj -> C:\Users\student\Documents\Visual Studio 2015\Projects\プログラム制作演習\pouyou042\Debug\pouyou042.pdb (Full PDB)
